nohup: ignoring input

=================================================================
DMDHP-2ZONE MONTE CARLO STUDY — PARALLEL RUNNER
=================================================================
n_rep    = 200
n_cores  = 15  (available: 16)
scenarios = ['A', 'B', 'C']
outdir   = /home/glgonzales/Documents/arcede_dmdhp_paper/mc_results
seed     = 20260420

=================================================================
SCENARIO A: Hinatuan-type (85/15, T=90d)
  R=K_sh/K_ns=7.5, expected N~300, calibrated to SEQ1
  n_rep=200  n_cores=15
  True R = 7.50
=================================================================
  Starting fresh: 200 replications
  rep=37 scen=A ERROR: Invalid format specifier '.2f if R_hat and R_hat < 1000 else 'large':>8' for object of type 'float'
  rep=21 scen=A ERROR: Invalid format specifier '.2f if R_hat and R_hat < 1000 else 'large':>8' for object of type 'float'
  rep=57 scen=A ERROR: Invalid format specifier '.2f if R_hat and R_hat < 1000 else 'large':>8' for object of type 'float'
  rep=29 scen=A ERROR: Invalid format specifier '.2f if R_hat and R_hat < 1000 else 'large':>8' for object of type 'float'
  rep=17 scen=A ERROR: Invalid format specifier '.2f if R_hat and R_hat < 1000 else 'large':>8' for object of type 'float'
  rep=45 scen=A ERROR: Invalid format specifier '.2f if R_hat and R_hat < 1000 else 'large':>8' for object of type 'float'
  rep=13 scen=A ERROR: Invalid format specifier '.2f if R_hat and R_hat < 1000 else 'large':>8' for object of type 'float'
  rep=53 scen=A ERROR: Invalid format specifier '.2f if R_hat and R_hat < 1000 else 'large':>8' for object of type 'float'
  rep=1 scen=A ERROR: Invalid format specifier '.2f if R_hat and R_hat < 1000 else 'large':>8' for object of type 'float'
  rep=25 scen=A ERROR: Invalid format specifier '.2f if R_hat and R_hat < 1000 else 'large':>8' for object of type 'float'
  rep=33 scen=A ERROR: Invalid format specifier '.2f if R_hat and R_hat < 1000 else 'large':>8' for object of type 'float'
  rep=41 scen=A ERROR: Invalid format specifier '.2f if R_hat and R_hat < 1000 else 'large':>8' for object of type 'float'
  rep=5 scen=A ERROR: Invalid format specifier '.2f if R_hat and R_hat < 1000 else 'large':>8' for object of type 'float'
  rep=49 scen=A ERROR: Invalid format specifier '.2f if R_hat and R_hat < 1000 else 'large':>8' for object of type 'float'
  rep=9 scen=A ERROR: Invalid format specifier '.2f if R_hat and R_hat < 1000 else 'large':>8' for object of type 'float'
  rep=22 scen=A ERROR: Invalid format specifier '.2f if R_hat and R_hat < 1000 else 'large':>8' for object of type 'float'
  rep=58 scen=A ERROR: Invalid format specifier '.2f if R_hat and R_hat < 1000 else 'large':>8' for object of type 'float'
  rep=38 scen=A ERROR: Invalid format specifier '.2f if R_hat and R_hat < 1000 else 'large':>8' for object of type 'float'
  rep=46 scen=A ERROR: Invalid format specifier '.2f if R_hat and R_hat < 1000 else 'large':>8' for object of type 'float'
  rep=54 scen=A ERROR: Invalid format specifier '.2f if R_hat and R_hat < 1000 else 'large':>8' for object of type 'float'
  rep=26 scen=A ERROR: Invalid format specifier '.2f if R_hat and R_hat < 1000 else 'large':>8' for object of type 'float'
  rep=6 scen=A ERROR: Invalid format specifier '.2f if R_hat and R_hat < 1000 else 'large':>8' for object of type 'float'
  rep=18 scen=A ERROR: Invalid format specifier '.2f if R_hat and R_hat < 1000 else 'large':>8' for object of type 'float'
  rep=2 scen=A ERROR: Invalid format specifier '.2f if R_hat and R_hat < 1000 else 'large':>8' for object of type 'float'
  rep=42 scen=A ERROR: Invalid format specifier '.2f if R_hat and R_hat < 1000 else 'large':>8' for object of type 'float'
  rep=34 scen=A ERROR: Invalid format specifier '.2f if R_hat and R_hat < 1000 else 'large':>8' for object of type 'float'
  rep=10 scen=A ERROR: Invalid format specifier '.2f if R_hat and R_hat < 1000 else 'large':>8' for object of type 'float'
  rep=14 scen=A ERROR: Invalid format specifier '.2f if R_hat and R_hat < 1000 else 'large':>8' for object of type 'float'
  rep=30 scen=A ERROR: Invalid format specifier '.2f if R_hat and R_hat < 1000 else 'large':>8' for object of type 'float'
  rep=50 scen=A ERROR: Invalid format specifier '.2f if R_hat and R_hat < 1000 else 'large':>8' for object of type 'float'
  rep=59 scen=A ERROR: Invalid format specifier '.2f if R_hat and R_hat < 1000 else 'large':>8' for object of type 'float'
  rep=55 scen=A ERROR: Invalid format specifier '.2f if R_hat and R_hat < 1000 else 'large':>8' for object of type 'float'
  rep=47 scen=A ERROR: Invalid format specifier '.2f if R_hat and R_hat < 1000 else 'large':>8' for object of type 'float'
  rep=39 scen=A ERROR: Invalid format specifier '.2f if R_hat and R_hat < 1000 else 'large':>8' for object of type 'float'
  rep=23 scen=A ERROR: Invalid format specifier '.2f if R_hat and R_hat < 1000 else 'large':>8' for object of type 'float'
  rep=19 scen=A ERROR: Invalid format specifier '.2f if R_hat and R_hat < 1000 else 'large':>8' for object of type 'float'
  rep=7 scen=A ERROR: Invalid format specifier '.2f if R_hat and R_hat < 1000 else 'large':>8' for object of type 'float'
  rep=3 scen=A ERROR: Invalid format specifier '.2f if R_hat and R_hat < 1000 else 'large':>8' for object of type 'float'
  rep=43 scen=A ERROR: Invalid format specifier '.2f if R_hat and R_hat < 1000 else 'large':>8' for object of type 'float'
  rep=35 scen=A ERROR: Invalid format specifier '.2f if R_hat and R_hat < 1000 else 'large':>8' for object of type 'float'
  rep=27 scen=A ERROR: Invalid format specifier '.2f if R_hat and R_hat < 1000 else 'large':>8' for object of type 'float'
  rep=31 scen=A ERROR: Invalid format specifier '.2f if R_hat and R_hat < 1000 else 'large':>8' for object of type 'float'
  rep=15 scen=A ERROR: Invalid format specifier '.2f if R_hat and R_hat < 1000 else 'large':>8' for object of type 'float'
  rep=51 scen=A ERROR: Invalid format specifier '.2f if R_hat and R_hat < 1000 else 'large':>8' for object of type 'float'
  rep=11 scen=A ERROR: Invalid format specifier '.2f if R_hat and R_hat < 1000 else 'large':>8' for object of type 'float'
  rep=60 scen=A ERROR: Invalid format specifier '.2f if R_hat and R_hat < 1000 else 'large':>8' for object of type 'float'
  rep=56 scen=A ERROR: Invalid format specifier '.2f if R_hat and R_hat < 1000 else 'large':>8' for object of type 'float'
  rep=4 scen=A ERROR: Invalid format specifier '.2f if R_hat and R_hat < 1000 else 'large':>8' for object of type 'float'
  rep=48 scen=A ERROR: Invalid format specifier '.2f if R_hat and R_hat < 1000 else 'large':>8' for object of type 'float'
  rep=24 scen=A ERROR: Invalid format specifier '.2f if R_hat and R_hat < 1000 else 'large':>8' for object of type 'float'
  rep=16 scen=A ERROR: Invalid format specifier '.2f if R_hat and R_hat < 1000 else 'large':>8' for object of type 'float'
  rep=36 scen=A ERROR: Invalid format specifier '.2f if R_hat and R_hat < 1000 else 'large':>8' for object of type 'float'
  rep=20 scen=A ERROR: Invalid format specifier '.2f if R_hat and R_hat < 1000 else 'large':>8' for object of type 'float'
  rep=44 scen=A ERROR: Invalid format specifier '.2f if R_hat and R_hat < 1000 else 'large':>8' for object of type 'float'
  rep=52 scen=A ERROR: Invalid format specifier '.2f if R_hat and R_hat < 1000 else 'large':>8' for object of type 'float'
  rep=28 scen=A ERROR: Invalid format specifier '.2f if R_hat and R_hat < 1000 else 'large':>8' for object of type 'float'
  rep=32 scen=A ERROR: Invalid format specifier '.2f if R_hat and R_hat < 1000 else 'large':>8' for object of type 'float'
  rep=40 scen=A ERROR: Invalid format specifier '.2f if R_hat and R_hat < 1000 else 'large':>8' for object of type 'float'
  rep=8 scen=A ERROR: Invalid format specifier '.2f if R_hat and R_hat < 1000 else 'large':>8' for object of type 'float'
  rep=12 scen=A ERROR: Invalid format specifier '.2f if R_hat and R_hat < 1000 else 'large':>8' for object of type 'float'
  rep=69 scen=A ERROR: Invalid format specifier '.2f if R_hat and R_hat < 1000 else 'large':>8' for object of type 'float'
  rep=65 scen=A ERROR: Invalid format specifier '.2f if R_hat and R_hat < 1000 else 'large':>8' for object of type 'float'
  rep=73 scen=A ERROR: Invalid format specifier '.2f if R_hat and R_hat < 1000 else 'large':>8' for object of type 'float'
  rep=77 scen=A ERROR: Invalid format specifier '.2f if R_hat and R_hat < 1000 else 'large':>8' for object of type 'float'
  rep=61 scen=A ERROR: Invalid format specifier '.2f if R_hat and R_hat < 1000 else 'large':>8' for object of type 'float'
  rep=85 scen=A ERROR: Invalid format specifier '.2f if R_hat and R_hat < 1000 else 'large':>8' for object of type 'float'
  rep=93 scen=A ERROR: Invalid format specifier '.2f if R_hat and R_hat < 1000 else 'large':>8' for object of type 'float'
  rep=89 scen=A ERROR: Invalid format specifier '.2f if R_hat and R_hat < 1000 else 'large':>8' for object of type 'float'
  rep=81 scen=A ERROR: Invalid format specifier '.2f if R_hat and R_hat < 1000 else 'large':>8' for object of type 'float'
  rep=97 scen=A ERROR: Invalid format specifier '.2f if R_hat and R_hat < 1000 else 'large':>8' for object of type 'float'
  rep=105 scen=A ERROR: Invalid format specifier '.2f if R_hat and R_hat < 1000 else 'large':>8' for object of type 'float'
  rep=101 scen=A ERROR: Invalid format specifier '.2f if R_hat and R_hat < 1000 else 'large':>8' for object of type 'float'
  rep=109 scen=A ERROR: Invalid format specifier '.2f if R_hat and R_hat < 1000 else 'large':>8' for object of type 'float'
  rep=113 scen=A ERROR: Invalid format specifier '.2f if R_hat and R_hat < 1000 else 'large':>8' for object of type 'float'
  rep=117 scen=A ERROR: Invalid format specifier '.2f if R_hat and R_hat < 1000 else 'large':>8' for object of type 'float'
  rep=70 scen=A ERROR: Invalid format specifier '.2f if R_hat and R_hat < 1000 else 'large':>8' for object of type 'float'
  rep=74 scen=A ERROR: Invalid format specifier '.2f if R_hat and R_hat < 1000 else 'large':>8' for object of type 'float'
  rep=90 scen=A ERROR: Invalid format specifier '.2f if R_hat and R_hat < 1000 else 'large':>8' for object of type 'float'
  rep=94 scen=A ERROR: Invalid format specifier '.2f if R_hat and R_hat < 1000 else 'large':>8' for object of type 'float'
  rep=62 scen=A ERROR: Invalid format specifier '.2f if R_hat and R_hat < 1000 else 'large':>8' for object of type 'float'
  rep=66 scen=A ERROR: Invalid format specifier '.2f if R_hat and R_hat < 1000 else 'large':>8' for object of type 'float'
  rep=78 scen=A ERROR: Invalid format specifier '.2f if R_hat and R_hat < 1000 else 'large':>8' for object of type 'float'
  rep=82 scen=A ERROR: Invalid format specifier '.2f if R_hat and R_hat < 1000 else 'large':>8' for object of type 'float'
  rep=86 scen=A ERROR: Invalid format specifier '.2f if R_hat and R_hat < 1000 else 'large':>8' for object of type 'float'
  rep=98 scen=A ERROR: Invalid format specifier '.2f if R_hat and R_hat < 1000 else 'large':>8' for object of type 'float'
  rep=110 scen=A ERROR: Invalid format specifier '.2f if R_hat and R_hat < 1000 else 'large':>8' for object of type 'float'
  rep=106 scen=A ERROR: Invalid format specifier '.2f if R_hat and R_hat < 1000 else 'large':>8' for object of type 'float'
  rep=102 scen=A ERROR: Invalid format specifier '.2f if R_hat and R_hat < 1000 else 'large':>8' for object of type 'float'
  rep=114 scen=A ERROR: Invalid format specifier '.2f if R_hat and R_hat < 1000 else 'large':>8' for object of type 'float'
  rep=118 scen=A ERROR: Invalid format specifier '.2f if R_hat and R_hat < 1000 else 'large':>8' for object of type 'float'
  rep=75 scen=A ERROR: Invalid format specifier '.2f if R_hat and R_hat < 1000 else 'large':>8' for object of type 'float'
  rep=71 scen=A ERROR: Invalid format specifier '.2f if R_hat and R_hat < 1000 else 'large':>8' for object of type 'float'
  rep=67 scen=A ERROR: Invalid format specifier '.2f if R_hat and R_hat < 1000 else 'large':>8' for object of type 'float'
  rep=99 scen=A ERROR: Invalid format specifier '.2f if R_hat and R_hat < 1000 else 'large':>8' for object of type 'float'
  rep=63 scen=A ERROR: Invalid format specifier '.2f if R_hat and R_hat < 1000 else 'large':>8' for object of type 'float'
  rep=91 scen=A ERROR: Invalid format specifier '.2f if R_hat and R_hat < 1000 else 'large':>8' for object of type 'float'
  rep=83 scen=A ERROR: Invalid format specifier '.2f if R_hat and R_hat < 1000 else 'large':>8' for object of type 'float'
  rep=95 scen=A ERROR: Invalid format specifier '.2f if R_hat and R_hat < 1000 else 'large':>8' for object of type 'float'
  rep=107 scen=A ERROR: Invalid format specifier '.2f if R_hat and R_hat < 1000 else 'large':>8' for object of type 'float'
  rep=79 scen=A ERROR: Invalid format specifier '.2f if R_hat and R_hat < 1000 else 'large':>8' for object of type 'float'
  rep=103 scen=A ERROR: Invalid format specifier '.2f if R_hat and R_hat < 1000 else 'large':>8' for object of type 'float'
  rep=111 scen=A ERROR: Invalid format specifier '.2f if R_hat and R_hat < 1000 else 'large':>8' for object of type 'float'
  rep=87 scen=A ERROR: Invalid format specifier '.2f if R_hat and R_hat < 1000 else 'large':>8' for object of type 'float'
  rep=115 scen=A ERROR: Invalid format specifier '.2f if R_hat and R_hat < 1000 else 'large':>8' for object of type 'float'
  rep=119 scen=A ERROR: Invalid format specifier '.2f if R_hat and R_hat < 1000 else 'large':>8' for object of type 'float'
  rep=72 scen=A ERROR: Invalid format specifier '.2f if R_hat and R_hat < 1000 else 'large':>8' for object of type 'float'
  rep=76 scen=A ERROR: Invalid format specifier '.2f if R_hat and R_hat < 1000 else 'large':>8' for object of type 'float'
  rep=68 scen=A ERROR: Invalid format specifier '.2f if R_hat and R_hat < 1000 else 'large':>8' for object of type 'float'
  rep=100 scen=A ERROR: Invalid format specifier '.2f if R_hat and R_hat < 1000 else 'large':>8' for object of type 'float'
  rep=92 scen=A ERROR: Invalid format specifier '.2f if R_hat and R_hat < 1000 else 'large':>8' for object of type 'float'
  rep=64 scen=A ERROR: Invalid format specifier '.2f if R_hat and R_hat < 1000 else 'large':>8' for object of type 'float'
  rep=108 scen=A ERROR: Invalid format specifier '.2f if R_hat and R_hat < 1000 else 'large':>8' for object of type 'float'
  rep=84 scen=A ERROR: Invalid format specifier '.2f if R_hat and R_hat < 1000 else 'large':>8' for object of type 'float'
  rep=80 scen=A ERROR: Invalid format specifier '.2f if R_hat and R_hat < 1000 else 'large':>8' for object of type 'float'
  rep=96 scen=A ERROR: Invalid format specifier '.2f if R_hat and R_hat < 1000 else 'large':>8' for object of type 'float'
  rep=88 scen=A ERROR: Invalid format specifier '.2f if R_hat and R_hat < 1000 else 'large':>8' for object of type 'float'
  rep=104 scen=A ERROR: Invalid format specifier '.2f if R_hat and R_hat < 1000 else 'large':>8' for object of type 'float'
  rep=112 scen=A ERROR: Invalid format specifier '.2f if R_hat and R_hat < 1000 else 'large':>8' for object of type 'float'
  rep=116 scen=A ERROR: Invalid format specifier '.2f if R_hat and R_hat < 1000 else 'large':>8' for object of type 'float'
  rep=120 scen=A ERROR: Invalid format specifier '.2f if R_hat and R_hat < 1000 else 'large':>8' for object of type 'float'
  rep=121 scen=A ERROR: Invalid format specifier '.2f if R_hat and R_hat < 1000 else 'large':>8' for object of type 'float'
  rep=125 scen=A ERROR: Invalid format specifier '.2f if R_hat and R_hat < 1000 else 'large':>8' for object of type 'float'
  rep=129 scen=A ERROR: Invalid format specifier '.2f if R_hat and R_hat < 1000 else 'large':>8' for object of type 'float'
  rep=133 scen=A ERROR: Invalid format specifier '.2f if R_hat and R_hat < 1000 else 'large':>8' for object of type 'float'
  rep=149 scen=A ERROR: Invalid format specifier '.2f if R_hat and R_hat < 1000 else 'large':>8' for object of type 'float'
  rep=169 scen=A ERROR: Invalid format specifier '.2f if R_hat and R_hat < 1000 else 'large':>8' for object of type 'float'
  rep=137 scen=A ERROR: Invalid format specifier '.2f if R_hat and R_hat < 1000 else 'large':>8' for object of type 'float'
  rep=145 scen=A ERROR: Invalid format specifier '.2f if R_hat and R_hat < 1000 else 'large':>8' for object of type 'float'
  rep=165 scen=A ERROR: Invalid format specifier '.2f if R_hat and R_hat < 1000 else 'large':>8' for object of type 'float'
  rep=141 scen=A ERROR: Invalid format specifier '.2f if R_hat and R_hat < 1000 else 'large':>8' for object of type 'float'
  rep=157 scen=A ERROR: Invalid format specifier '.2f if R_hat and R_hat < 1000 else 'large':>8' for object of type 'float'
  rep=153 scen=A ERROR: Invalid format specifier '.2f if R_hat and R_hat < 1000 else 'large':>8' for object of type 'float'
  rep=161 scen=A ERROR: Invalid format specifier '.2f if R_hat and R_hat < 1000 else 'large':>8' for object of type 'float'
  rep=173 scen=A ERROR: Invalid format specifier '.2f if R_hat and R_hat < 1000 else 'large':>8' for object of type 'float'
  rep=177 scen=A ERROR: Invalid format specifier '.2f if R_hat and R_hat < 1000 else 'large':>8' for object of type 'float'
  rep=122 scen=A ERROR: Invalid format specifier '.2f if R_hat and R_hat < 1000 else 'large':>8' for object of type 'float'
  rep=126 scen=A ERROR: Invalid format specifier '.2f if R_hat and R_hat < 1000 else 'large':>8' for object of type 'float'
  rep=134 scen=A ERROR: Invalid format specifier '.2f if R_hat and R_hat < 1000 else 'large':>8' for object of type 'float'
  rep=130 scen=A ERROR: Invalid format specifier '.2f if R_hat and R_hat < 1000 else 'large':>8' for object of type 'float'
  rep=146 scen=A ERROR: Invalid format specifier '.2f if R_hat and R_hat < 1000 else 'large':>8' for object of type 'float'
  rep=170 scen=A ERROR: Invalid format specifier '.2f if R_hat and R_hat < 1000 else 'large':>8' for object of type 'float'
  rep=150 scen=A ERROR: Invalid format specifier '.2f if R_hat and R_hat < 1000 else 'large':>8' for object of type 'float'
  rep=142 scen=A ERROR: Invalid format specifier '.2f if R_hat and R_hat < 1000 else 'large':>8' for object of type 'float'
  rep=166 scen=A ERROR: Invalid format specifier '.2f if R_hat and R_hat < 1000 else 'large':>8' for object of type 'float'
  rep=158 scen=A ERROR: Invalid format specifier '.2f if R_hat and R_hat < 1000 else 'large':>8' for object of type 'float'
  rep=154 scen=A ERROR: Invalid format specifier '.2f if R_hat and R_hat < 1000 else 'large':>8' for object of type 'float'
  rep=162 scen=A ERROR: Invalid format specifier '.2f if R_hat and R_hat < 1000 else 'large':>8' for object of type 'float'
  rep=138 scen=A ERROR: Invalid format specifier '.2f if R_hat and R_hat < 1000 else 'large':>8' for object of type 'float'
  rep=178 scen=A ERROR: Invalid format specifier '.2f if R_hat and R_hat < 1000 else 'large':>8' for object of type 'float'
  rep=174 scen=A ERROR: Invalid format specifier '.2f if R_hat and R_hat < 1000 else 'large':>8' for object of type 'float'
  rep=127 scen=A ERROR: Invalid format specifier '.2f if R_hat and R_hat < 1000 else 'large':>8' for object of type 'float'
  rep=123 scen=A ERROR: Invalid format specifier '.2f if R_hat and R_hat < 1000 else 'large':>8' for object of type 'float'
  rep=171 scen=A ERROR: Invalid format specifier '.2f if R_hat and R_hat < 1000 else 'large':>8' for object of type 'float'
  rep=135 scen=A ERROR: Invalid format specifier '.2f if R_hat and R_hat < 1000 else 'large':>8' for object of type 'float'
  rep=147 scen=A ERROR: Invalid format specifier '.2f if R_hat and R_hat < 1000 else 'large':>8' for object of type 'float'
  rep=131 scen=A ERROR: Invalid format specifier '.2f if R_hat and R_hat < 1000 else 'large':>8' for object of type 'float'
  rep=151 scen=A ERROR: Invalid format specifier '.2f if R_hat and R_hat < 1000 else 'large':>8' for object of type 'float'
  rep=167 scen=A ERROR: Invalid format specifier '.2f if R_hat and R_hat < 1000 else 'large':>8' for object of type 'float'
  rep=159 scen=A ERROR: Invalid format specifier '.2f if R_hat and R_hat < 1000 else 'large':>8' for object of type 'float'
  rep=143 scen=A ERROR: Invalid format specifier '.2f if R_hat and R_hat < 1000 else 'large':>8' for object of type 'float'
  rep=163 scen=A ERROR: Invalid format specifier '.2f if R_hat and R_hat < 1000 else 'large':>8' for object of type 'float'
  rep=155 scen=A ERROR: Invalid format specifier '.2f if R_hat and R_hat < 1000 else 'large':>8' for object of type 'float'
  rep=139 scen=A ERROR: Invalid format specifier '.2f if R_hat and R_hat < 1000 else 'large':>8' for object of type 'float'
  rep=175 scen=A ERROR: Invalid format specifier '.2f if R_hat and R_hat < 1000 else 'large':>8' for object of type 'float'
  rep=179 scen=A ERROR: Invalid format specifier '.2f if R_hat and R_hat < 1000 else 'large':>8' for object of type 'float'
  rep=136 scen=A ERROR: Invalid format specifier '.2f if R_hat and R_hat < 1000 else 'large':>8' for object of type 'float'
  rep=124 scen=A ERROR: Invalid format specifier '.2f if R_hat and R_hat < 1000 else 'large':>8' for object of type 'float'
  rep=172 scen=A ERROR: Invalid format specifier '.2f if R_hat and R_hat < 1000 else 'large':>8' for object of type 'float'
  rep=128 scen=A ERROR: Invalid format specifier '.2f if R_hat and R_hat < 1000 else 'large':>8' for object of type 'float'
  rep=148 scen=A ERROR: Invalid format specifier '.2f if R_hat and R_hat < 1000 else 'large':>8' for object of type 'float'
  rep=132 scen=A ERROR: Invalid format specifier '.2f if R_hat and R_hat < 1000 else 'large':>8' for object of type 'float'
  rep=152 scen=A ERROR: Invalid format specifier '.2f if R_hat and R_hat < 1000 else 'large':>8' for object of type 'float'
  rep=168 scen=A ERROR: Invalid format specifier '.2f if R_hat and R_hat < 1000 else 'large':>8' for object of type 'float'
  rep=144 scen=A ERROR: Invalid format specifier '.2f if R_hat and R_hat < 1000 else 'large':>8' for object of type 'float'
  rep=156 scen=A ERROR: Invalid format specifier '.2f if R_hat and R_hat < 1000 else 'large':>8' for object of type 'float'
  rep=140 scen=A ERROR: Invalid format specifier '.2f if R_hat and R_hat < 1000 else 'large':>8' for object of type 'float'
  rep=160 scen=A ERROR: Invalid format specifier '.2f if R_hat and R_hat < 1000 else 'large':>8' for object of type 'float'
  rep=164 scen=A ERROR: Invalid format specifier '.2f if R_hat and R_hat < 1000 else 'large':>8' for object of type 'float'
  rep=180 scen=A ERROR: Invalid format specifier '.2f if R_hat and R_hat < 1000 else 'large':>8' for object of type 'float'
  rep=176 scen=A ERROR: Invalid format specifier '.2f if R_hat and R_hat < 1000 else 'large':>8' for object of type 'float'
  rep=189 scen=A ERROR: Invalid format specifier '.2f if R_hat and R_hat < 1000 else 'large':>8' for object of type 'float'
  rep=185 scen=A ERROR: Invalid format specifier '.2f if R_hat and R_hat < 1000 else 'large':>8' for object of type 'float'
  rep=181 scen=A ERROR: Invalid format specifier '.2f if R_hat and R_hat < 1000 else 'large':>8' for object of type 'float'
  rep=193 scen=A ERROR: Invalid format specifier '.2f if R_hat and R_hat < 1000 else 'large':>8' for object of type 'float'
  rep=197 scen=A ERROR: Invalid format specifier '.2f if R_hat and R_hat < 1000 else 'large':>8' for object of type 'float'
  rep=190 scen=A ERROR: Invalid format specifier '.2f if R_hat and R_hat < 1000 else 'large':>8' for object of type 'float'
  rep=186 scen=A ERROR: Invalid format specifier '.2f if R_hat and R_hat < 1000 else 'large':>8' for object of type 'float'
  rep=182 scen=A ERROR: Invalid format specifier '.2f if R_hat and R_hat < 1000 else 'large':>8' for object of type 'float'
  rep=194 scen=A ERROR: Invalid format specifier '.2f if R_hat and R_hat < 1000 else 'large':>8' for object of type 'float'
  rep=198 scen=A ERROR: Invalid format specifier '.2f if R_hat and R_hat < 1000 else 'large':>8' for object of type 'float'
  rep=191 scen=A ERROR: Invalid format specifier '.2f if R_hat and R_hat < 1000 else 'large':>8' for object of type 'float'
  rep=187 scen=A ERROR: Invalid format specifier '.2f if R_hat and R_hat < 1000 else 'large':>8' for object of type 'float'
  rep=183 scen=A ERROR: Invalid format specifier '.2f if R_hat and R_hat < 1000 else 'large':>8' for object of type 'float'
  rep=195 scen=A ERROR: Invalid format specifier '.2f if R_hat and R_hat < 1000 else 'large':>8' for object of type 'float'
  rep=199 scen=A ERROR: Invalid format specifier '.2f if R_hat and R_hat < 1000 else 'large':>8' for object of type 'float'
  rep=188 scen=A ERROR: Invalid format specifier '.2f if R_hat and R_hat < 1000 else 'large':>8' for object of type 'float'
  rep=192 scen=A ERROR: Invalid format specifier '.2f if R_hat and R_hat < 1000 else 'large':>8' for object of type 'float'
  rep=184 scen=A ERROR: Invalid format specifier '.2f if R_hat and R_hat < 1000 else 'large':>8' for object of type 'float'
  rep=200 scen=A ERROR: Invalid format specifier '.2f if R_hat and R_hat < 1000 else 'large':>8' for object of type 'float'
  rep=196 scen=A ERROR: Invalid format specifier '.2f if R_hat and R_hat < 1000 else 'large':>8' for object of type 'float'

  Scenario A complete: 0/200 successful in 458.5 minutes

=================================================================
SCENARIO B: Davao-type (75/25, T=90d)
  R=K_sh/K_ns=2.5, expected N~115, calibrated to SEQ2
  n_rep=200  n_cores=15
  True R = 2.50
=================================================================
  Starting fresh: 200 replications
  rep=33 scen=B ERROR: Invalid format specifier '.2f if R_hat and R_hat < 1000 else 'large':>8' for object of type 'float'
  rep=9 scen=B ERROR: Invalid format specifier '.2f if R_hat and R_hat < 1000 else 'large':>8' for object of type 'float'
  rep=45 scen=B ERROR: Invalid format specifier '.2f if R_hat and R_hat < 1000 else 'large':>8' for object of type 'float'
  rep=37 scen=B ERROR: Invalid format specifier '.2f if R_hat and R_hat < 1000 else 'large':>8' for object of type 'float'
  rep=41 scen=B ERROR: Invalid format specifier '.2f if R_hat and R_hat < 1000 else 'large':>8' for object of type 'float'
  rep=5 scen=B ERROR: Invalid format specifier '.2f if R_hat and R_hat < 1000 else 'large':>8' for object of type 'float'
  rep=57 scen=B ERROR: Invalid format specifier '.2f if R_hat and R_hat < 1000 else 'large':>8' for object of type 'float'
  rep=21 scen=B ERROR: Invalid format specifier '.2f if R_hat and R_hat < 1000 else 'large':>8' for object of type 'float'
  rep=13 scen=B ERROR: Invalid format specifier '.2f if R_hat and R_hat < 1000 else 'large':>8' for object of type 'float'
  rep=1 scen=B ERROR: Invalid format specifier '.2f if R_hat and R_hat < 1000 else 'large':>8' for object of type 'float'
  rep=29 scen=B ERROR: Invalid format specifier '.2f if R_hat and R_hat < 1000 else 'large':>8' for object of type 'float'
  rep=49 scen=B ERROR: Invalid format specifier '.2f if R_hat and R_hat < 1000 else 'large':>8' for object of type 'float'
  rep=25 scen=B ERROR: Invalid format specifier '.2f if R_hat and R_hat < 1000 else 'large':>8' for object of type 'float'
  rep=53 scen=B ERROR: Invalid format specifier '.2f if R_hat and R_hat < 1000 else 'large':>8' for object of type 'float'
  rep=17 scen=B ERROR: Invalid format specifier '.2f if R_hat and R_hat < 1000 else 'large':>8' for object of type 'float'
  rep=34 scen=B ERROR: Invalid format specifier '.2f if R_hat and R_hat < 1000 else 'large':>8' for object of type 'float'
  rep=22 scen=B ERROR: Invalid format specifier '.2f if R_hat and R_hat < 1000 else 'large':>8' for object of type 'float'
  rep=6 scen=B ERROR: Invalid format specifier '.2f if R_hat and R_hat < 1000 else 'large':>8' for object of type 'float'
  rep=14 scen=B ERROR: Invalid format specifier '.2f if R_hat and R_hat < 1000 else 'large':>8' for object of type 'float'
  rep=38 scen=B ERROR: Invalid format specifier '.2f if R_hat and R_hat < 1000 else 'large':>8' for object of type 'float'
  rep=10 scen=B ERROR: Invalid format specifier '.2f if R_hat and R_hat < 1000 else 'large':>8' for object of type 'float'
  rep=42 scen=B ERROR: Invalid format specifier '.2f if R_hat and R_hat < 1000 else 'large':>8' for object of type 'float'
  rep=30 scen=B ERROR: Invalid format specifier '.2f if R_hat and R_hat < 1000 else 'large':>8' for object of type 'float'
  rep=46 scen=B ERROR: Invalid format specifier '.2f if R_hat and R_hat < 1000 else 'large':>8' for object of type 'float'
  rep=2 scen=B ERROR: Invalid format specifier '.2f if R_hat and R_hat < 1000 else 'large':>8' for object of type 'float'
  rep=26 scen=B ERROR: Invalid format specifier '.2f if R_hat and R_hat < 1000 else 'large':>8' for object of type 'float'
  rep=58 scen=B ERROR: Invalid format specifier '.2f if R_hat and R_hat < 1000 else 'large':>8' for object of type 'float'
  rep=54 scen=B ERROR: Invalid format specifier '.2f if R_hat and R_hat < 1000 else 'large':>8' for object of type 'float'
  rep=50 scen=B ERROR: Invalid format specifier '.2f if R_hat and R_hat < 1000 else 'large':>8' for object of type 'float'
  rep=18 scen=B ERROR: Invalid format specifier '.2f if R_hat and R_hat < 1000 else 'large':>8' for object of type 'float'
  rep=7 scen=B ERROR: Invalid format specifier '.2f if R_hat and R_hat < 1000 else 'large':>8' for object of type 'float'
  rep=31 scen=B ERROR: Invalid format specifier '.2f if R_hat and R_hat < 1000 else 'large':>8' for object of type 'float'
  rep=15 scen=B ERROR: Invalid format specifier '.2f if R_hat and R_hat < 1000 else 'large':>8' for object of type 'float'
  rep=3 scen=B ERROR: Invalid format specifier '.2f if R_hat and R_hat < 1000 else 'large':>8' for object of type 'float'
  rep=47 scen=B ERROR: Invalid format specifier '.2f if R_hat and R_hat < 1000 else 'large':>8' for object of type 'float'
  rep=35 scen=B ERROR: Invalid format specifier '.2f if R_hat and R_hat < 1000 else 'large':>8' for object of type 'float'
  rep=43 scen=B ERROR: Invalid format specifier '.2f if R_hat and R_hat < 1000 else 'large':>8' for object of type 'float'
  rep=23 scen=B ERROR: Invalid format specifier '.2f if R_hat and R_hat < 1000 else 'large':>8' for object of type 'float'
  rep=39 scen=B ERROR: Invalid format specifier '.2f if R_hat and R_hat < 1000 else 'large':>8' for object of type 'float'
  rep=27 scen=B ERROR: Invalid format specifier '.2f if R_hat and R_hat < 1000 else 'large':>8' for object of type 'float'
  rep=11 scen=B ERROR: Invalid format specifier '.2f if R_hat and R_hat < 1000 else 'large':>8' for object of type 'float'
  rep=59 scen=B ERROR: Invalid format specifier '.2f if R_hat and R_hat < 1000 else 'large':>8' for object of type 'float'
  rep=51 scen=B ERROR: Invalid format specifier '.2f if R_hat and R_hat < 1000 else 'large':>8' for object of type 'float'
  rep=19 scen=B ERROR: Invalid format specifier '.2f if R_hat and R_hat < 1000 else 'large':>8' for object of type 'float'
  rep=55 scen=B ERROR: Invalid format specifier '.2f if R_hat and R_hat < 1000 else 'large':>8' for object of type 'float'
  rep=32 scen=B ERROR: Invalid format specifier '.2f if R_hat and R_hat < 1000 else 'large':>8' for object of type 'float'
  rep=4 scen=B ERROR: Invalid format specifier '.2f if R_hat and R_hat < 1000 else 'large':>8' for object of type 'float'
  rep=48 scen=B ERROR: Invalid format specifier '.2f if R_hat and R_hat < 1000 else 'large':>8' for object of type 'float'
  rep=36 scen=B ERROR: Invalid format specifier '.2f if R_hat and R_hat < 1000 else 'large':>8' for object of type 'float'
  rep=16 scen=B ERROR: Invalid format specifier '.2f if R_hat and R_hat < 1000 else 'large':>8' for object of type 'float'
  rep=8 scen=B ERROR: Invalid format specifier '.2f if R_hat and R_hat < 1000 else 'large':>8' for object of type 'float'
  rep=28 scen=B ERROR: Invalid format specifier '.2f if R_hat and R_hat < 1000 else 'large':>8' for object of type 'float'
  rep=44 scen=B ERROR: Invalid format specifier '.2f if R_hat and R_hat < 1000 else 'large':>8' for object of type 'float'
  rep=12 scen=B ERROR: Invalid format specifier '.2f if R_hat and R_hat < 1000 else 'large':>8' for object of type 'float'
  rep=24 scen=B ERROR: Invalid format specifier '.2f if R_hat and R_hat < 1000 else 'large':>8' for object of type 'float'
  rep=40 scen=B ERROR: Invalid format specifier '.2f if R_hat and R_hat < 1000 else 'large':>8' for object of type 'float'
  rep=60 scen=B ERROR: Invalid format specifier '.2f if R_hat and R_hat < 1000 else 'large':>8' for object of type 'float'
  rep=56 scen=B ERROR: Invalid format specifier '.2f if R_hat and R_hat < 1000 else 'large':>8' for object of type 'float'
  rep=20 scen=B ERROR: Invalid format specifier '.2f if R_hat and R_hat < 1000 else 'large':>8' for object of type 'float'
  rep=52 scen=B ERROR: Invalid format specifier '.2f if R_hat and R_hat < 1000 else 'large':>8' for object of type 'float'
  rep=77 scen=B ERROR: Invalid format specifier '.2f if R_hat and R_hat < 1000 else 'large':>8' for object of type 'float'
  rep=65 scen=B ERROR: Invalid format specifier '.2f if R_hat and R_hat < 1000 else 'large':>8' for object of type 'float'
  rep=61 scen=B ERROR: Invalid format specifier '.2f if R_hat and R_hat < 1000 else 'large':>8' for object of type 'float'
  rep=69 scen=B ERROR: Invalid format specifier '.2f if R_hat and R_hat < 1000 else 'large':>8' for object of type 'float'
  rep=81 scen=B ERROR: Invalid format specifier '.2f if R_hat and R_hat < 1000 else 'large':>8' for object of type 'float'
  rep=73 scen=B ERROR: Invalid format specifier '.2f if R_hat and R_hat < 1000 else 'large':>8' for object of type 'float'
  rep=85 scen=B ERROR: Invalid format specifier '.2f if R_hat and R_hat < 1000 else 'large':>8' for object of type 'float'
  rep=89 scen=B ERROR: Invalid format specifier '.2f if R_hat and R_hat < 1000 else 'large':>8' for object of type 'float'
  rep=93 scen=B ERROR: Invalid format specifier '.2f if R_hat and R_hat < 1000 else 'large':>8' for object of type 'float'
  rep=105 scen=B ERROR: Invalid format specifier '.2f if R_hat and R_hat < 1000 else 'large':>8' for object of type 'float'
  rep=113 scen=B ERROR: Invalid format specifier '.2f if R_hat and R_hat < 1000 else 'large':>8' for object of type 'float'
  rep=97 scen=B ERROR: Invalid format specifier '.2f if R_hat and R_hat < 1000 else 'large':>8' for object of type 'float'
  rep=117 scen=B ERROR: Invalid format specifier '.2f if R_hat and R_hat < 1000 else 'large':>8' for object of type 'float'
  rep=101 scen=B ERROR: Invalid format specifier '.2f if R_hat and R_hat < 1000 else 'large':>8' for object of type 'float'
  rep=109 scen=B ERROR: Invalid format specifier '.2f if R_hat and R_hat < 1000 else 'large':>8' for object of type 'float'
  rep=78 scen=B ERROR: Invalid format specifier '.2f if R_hat and R_hat < 1000 else 'large':>8' for object of type 'float'
  rep=62 scen=B ERROR: Invalid format specifier '.2f if R_hat and R_hat < 1000 else 'large':>8' for object of type 'float'
  rep=66 scen=B ERROR: Invalid format specifier '.2f if R_hat and R_hat < 1000 else 'large':>8' for object of type 'float'
  rep=70 scen=B ERROR: Invalid format specifier '.2f if R_hat and R_hat < 1000 else 'large':>8' for object of type 'float'
  rep=74 scen=B ERROR: Invalid format specifier '.2f if R_hat and R_hat < 1000 else 'large':>8' for object of type 'float'
  rep=82 scen=B ERROR: Invalid format specifier '.2f if R_hat and R_hat < 1000 else 'large':>8' for object of type 'float'
  rep=94 scen=B ERROR: Invalid format specifier '.2f if R_hat and R_hat < 1000 else 'large':>8' for object of type 'float'
  rep=114 scen=B ERROR: Invalid format specifier '.2f if R_hat and R_hat < 1000 else 'large':>8' for object of type 'float'
  rep=90 scen=B ERROR: Invalid format specifier '.2f if R_hat and R_hat < 1000 else 'large':>8' for object of type 'float'
  rep=118 scen=B ERROR: Invalid format specifier '.2f if R_hat and R_hat < 1000 else 'large':>8' for object of type 'float'
  rep=106 scen=B ERROR: Invalid format specifier '.2f if R_hat and R_hat < 1000 else 'large':>8' for object of type 'float'
  rep=86 scen=B ERROR: Invalid format specifier '.2f if R_hat and R_hat < 1000 else 'large':>8' for object of type 'float'
  rep=102 scen=B ERROR: Invalid format specifier '.2f if R_hat and R_hat < 1000 else 'large':>8' for object of type 'float'
  rep=98 scen=B ERROR: Invalid format specifier '.2f if R_hat and R_hat < 1000 else 'large':>8' for object of type 'float'
  rep=110 scen=B ERROR: Invalid format specifier '.2f if R_hat and R_hat < 1000 else 'large':>8' for object of type 'float'
  rep=63 scen=B ERROR: Invalid format specifier '.2f if R_hat and R_hat < 1000 else 'large':>8' for object of type 'float'
  rep=79 scen=B ERROR: Invalid format specifier '.2f if R_hat and R_hat < 1000 else 'large':>8' for object of type 'float'
  rep=67 scen=B ERROR: Invalid format specifier '.2f if R_hat and R_hat < 1000 else 'large':>8' for object of type 'float'
  rep=71 scen=B ERROR: Invalid format specifier '.2f if R_hat and R_hat < 1000 else 'large':>8' for object of type 'float'
  rep=83 scen=B ERROR: Invalid format specifier '.2f if R_hat and R_hat < 1000 else 'large':>8' for object of type 'float'
  rep=115 scen=B ERROR: Invalid format specifier '.2f if R_hat and R_hat < 1000 else 'large':>8' for object of type 'float'
  rep=75 scen=B ERROR: Invalid format specifier '.2f if R_hat and R_hat < 1000 else 'large':>8' for object of type 'float'
  rep=91 scen=B ERROR: Invalid format specifier '.2f if R_hat and R_hat < 1000 else 'large':>8' for object of type 'float'
  rep=95 scen=B ERROR: Invalid format specifier '.2f if R_hat and R_hat < 1000 else 'large':>8' for object of type 'float'
  rep=87 scen=B ERROR: Invalid format specifier '.2f if R_hat and R_hat < 1000 else 'large':>8' for object of type 'float'
  rep=119 scen=B ERROR: Invalid format specifier '.2f if R_hat and R_hat < 1000 else 'large':>8' for object of type 'float'
  rep=103 scen=B ERROR: Invalid format specifier '.2f if R_hat and R_hat < 1000 else 'large':>8' for object of type 'float'
  rep=99 scen=B ERROR: Invalid format specifier '.2f if R_hat and R_hat < 1000 else 'large':>8' for object of type 'float'
  rep=107 scen=B ERROR: Invalid format specifier '.2f if R_hat and R_hat < 1000 else 'large':>8' for object of type 'float'
  rep=111 scen=B ERROR: Invalid format specifier '.2f if R_hat and R_hat < 1000 else 'large':>8' for object of type 'float'
  rep=72 scen=B ERROR: Invalid format specifier '.2f if R_hat and R_hat < 1000 else 'large':>8' for object of type 'float'
  rep=64 scen=B ERROR: Invalid format specifier '.2f if R_hat and R_hat < 1000 else 'large':>8' for object of type 'float'
  rep=80 scen=B ERROR: Invalid format specifier '.2f if R_hat and R_hat < 1000 else 'large':>8' for object of type 'float'
  rep=68 scen=B ERROR: Invalid format specifier '.2f if R_hat and R_hat < 1000 else 'large':>8' for object of type 'float'
  rep=84 scen=B ERROR: Invalid format specifier '.2f if R_hat and R_hat < 1000 else 'large':>8' for object of type 'float'
  rep=88 scen=B ERROR: Invalid format specifier '.2f if R_hat and R_hat < 1000 else 'large':>8' for object of type 'float'
  rep=92 scen=B ERROR: Invalid format specifier '.2f if R_hat and R_hat < 1000 else 'large':>8' for object of type 'float'
  rep=116 scen=B ERROR: Invalid format specifier '.2f if R_hat and R_hat < 1000 else 'large':>8' for object of type 'float'
  rep=96 scen=B ERROR: Invalid format specifier '.2f if R_hat and R_hat < 1000 else 'large':>8' for object of type 'float'
  rep=76 scen=B ERROR: Invalid format specifier '.2f if R_hat and R_hat < 1000 else 'large':>8' for object of type 'float'
  rep=104 scen=B ERROR: Invalid format specifier '.2f if R_hat and R_hat < 1000 else 'large':>8' for object of type 'float'
  rep=120 scen=B ERROR: Invalid format specifier '.2f if R_hat and R_hat < 1000 else 'large':>8' for object of type 'float'
  rep=100 scen=B ERROR: Invalid format specifier '.2f if R_hat and R_hat < 1000 else 'large':>8' for object of type 'float'
  rep=108 scen=B ERROR: Invalid format specifier '.2f if R_hat and R_hat < 1000 else 'large':>8' for object of type 'float'
  rep=112 scen=B ERROR: Invalid format specifier '.2f if R_hat and R_hat < 1000 else 'large':>8' for object of type 'float'
  rep=121 scen=B ERROR: Invalid format specifier '.2f if R_hat and R_hat < 1000 else 'large':>8' for object of type 'float'
  rep=125 scen=B ERROR: Invalid format specifier '.2f if R_hat and R_hat < 1000 else 'large':>8' for object of type 'float'
  rep=133 scen=B ERROR: Invalid format specifier '.2f if R_hat and R_hat < 1000 else 'large':>8' for object of type 'float'
  rep=129 scen=B ERROR: Invalid format specifier '.2f if R_hat and R_hat < 1000 else 'large':>8' for object of type 'float'
  rep=137 scen=B ERROR: Invalid format specifier '.2f if R_hat and R_hat < 1000 else 'large':>8' for object of type 'float'
  rep=149 scen=B ERROR: Invalid format specifier '.2f if R_hat and R_hat < 1000 else 'large':>8' for object of type 'float'
  rep=141 scen=B ERROR: Invalid format specifier '.2f if R_hat and R_hat < 1000 else 'large':>8' for object of type 'float'
  rep=145 scen=B ERROR: Invalid format specifier '.2f if R_hat and R_hat < 1000 else 'large':>8' for object of type 'float'
  rep=161 scen=B ERROR: Invalid format specifier '.2f if R_hat and R_hat < 1000 else 'large':>8' for object of type 'float'
  rep=153 scen=B ERROR: Invalid format specifier '.2f if R_hat and R_hat < 1000 else 'large':>8' for object of type 'float'
  rep=165 scen=B ERROR: Invalid format specifier '.2f if R_hat and R_hat < 1000 else 'large':>8' for object of type 'float'
  rep=157 scen=B ERROR: Invalid format specifier '.2f if R_hat and R_hat < 1000 else 'large':>8' for object of type 'float'
  rep=169 scen=B ERROR: Invalid format specifier '.2f if R_hat and R_hat < 1000 else 'large':>8' for object of type 'float'
  rep=173 scen=B ERROR: Invalid format specifier '.2f if R_hat and R_hat < 1000 else 'large':>8' for object of type 'float'
  rep=177 scen=B ERROR: Invalid format specifier '.2f if R_hat and R_hat < 1000 else 'large':>8' for object of type 'float'
  rep=122 scen=B ERROR: Invalid format specifier '.2f if R_hat and R_hat < 1000 else 'large':>8' for object of type 'float'
  rep=130 scen=B ERROR: Invalid format specifier '.2f if R_hat and R_hat < 1000 else 'large':>8' for object of type 'float'
  rep=150 scen=B ERROR: Invalid format specifier '.2f if R_hat and R_hat < 1000 else 'large':>8' for object of type 'float'
  rep=134 scen=B ERROR: Invalid format specifier '.2f if R_hat and R_hat < 1000 else 'large':>8' for object of type 'float'
  rep=138 scen=B ERROR: Invalid format specifier '.2f if R_hat and R_hat < 1000 else 'large':>8' for object of type 'float'
  rep=126 scen=B ERROR: Invalid format specifier '.2f if R_hat and R_hat < 1000 else 'large':>8' for object of type 'float'
  rep=142 scen=B ERROR: Invalid format specifier '.2f if R_hat and R_hat < 1000 else 'large':>8' for object of type 'float'
  rep=146 scen=B ERROR: Invalid format specifier '.2f if R_hat and R_hat < 1000 else 'large':>8' for object of type 'float'
  rep=162 scen=B ERROR: Invalid format specifier '.2f if R_hat and R_hat < 1000 else 'large':>8' for object of type 'float'
  rep=158 scen=B ERROR: Invalid format specifier '.2f if R_hat and R_hat < 1000 else 'large':>8' for object of type 'float'
  rep=154 scen=B ERROR: Invalid format specifier '.2f if R_hat and R_hat < 1000 else 'large':>8' for object of type 'float'
  rep=166 scen=B ERROR: Invalid format specifier '.2f if R_hat and R_hat < 1000 else 'large':>8' for object of type 'float'
  rep=170 scen=B ERROR: Invalid format specifier '.2f if R_hat and R_hat < 1000 else 'large':>8' for object of type 'float'
  rep=174 scen=B ERROR: Invalid format specifier '.2f if R_hat and R_hat < 1000 else 'large':>8' for object of type 'float'
  rep=178 scen=B ERROR: Invalid format specifier '.2f if R_hat and R_hat < 1000 else 'large':>8' for object of type 'float'
  rep=151 scen=B ERROR: Invalid format specifier '.2f if R_hat and R_hat < 1000 else 'large':>8' for object of type 'float'
  rep=123 scen=B ERROR: Invalid format specifier '.2f if R_hat and R_hat < 1000 else 'large':>8' for object of type 'float'
  rep=127 scen=B ERROR: Invalid format specifier '.2f if R_hat and R_hat < 1000 else 'large':>8' for object of type 'float'
  rep=139 scen=B ERROR: Invalid format specifier '.2f if R_hat and R_hat < 1000 else 'large':>8' for object of type 'float'
  rep=131 scen=B ERROR: Invalid format specifier '.2f if R_hat and R_hat < 1000 else 'large':>8' for object of type 'float'
  rep=147 scen=B ERROR: Invalid format specifier '.2f if R_hat and R_hat < 1000 else 'large':>8' for object of type 'float'
  rep=143 scen=B ERROR: Invalid format specifier '.2f if R_hat and R_hat < 1000 else 'large':>8' for object of type 'float'
  rep=135 scen=B ERROR: Invalid format specifier '.2f if R_hat and R_hat < 1000 else 'large':>8' for object of type 'float'
  rep=155 scen=B ERROR: Invalid format specifier '.2f if R_hat and R_hat < 1000 else 'large':>8' for object of type 'float'
  rep=163 scen=B ERROR: Invalid format specifier '.2f if R_hat and R_hat < 1000 else 'large':>8' for object of type 'float'
  rep=167 scen=B ERROR: Invalid format specifier '.2f if R_hat and R_hat < 1000 else 'large':>8' for object of type 'float'
  rep=159 scen=B ERROR: Invalid format specifier '.2f if R_hat and R_hat < 1000 else 'large':>8' for object of type 'float'
  rep=171 scen=B ERROR: Invalid format specifier '.2f if R_hat and R_hat < 1000 else 'large':>8' for object of type 'float'
  rep=175 scen=B ERROR: Invalid format specifier '.2f if R_hat and R_hat < 1000 else 'large':>8' for object of type 'float'
  rep=179 scen=B ERROR: Invalid format specifier '.2f if R_hat and R_hat < 1000 else 'large':>8' for object of type 'float'
  rep=152 scen=B ERROR: Invalid format specifier '.2f if R_hat and R_hat < 1000 else 'large':>8' for object of type 'float'
  rep=132 scen=B ERROR: Invalid format specifier '.2f if R_hat and R_hat < 1000 else 'large':>8' for object of type 'float'
  rep=144 scen=B ERROR: Invalid format specifier '.2f if R_hat and R_hat < 1000 else 'large':>8' for object of type 'float'
  rep=128 scen=B ERROR: Invalid format specifier '.2f if R_hat and R_hat < 1000 else 'large':>8' for object of type 'float'
  rep=148 scen=B ERROR: Invalid format specifier '.2f if R_hat and R_hat < 1000 else 'large':>8' for object of type 'float'
  rep=140 scen=B ERROR: Invalid format specifier '.2f if R_hat and R_hat < 1000 else 'large':>8' for object of type 'float'
  rep=124 scen=B ERROR: Invalid format specifier '.2f if R_hat and R_hat < 1000 else 'large':>8' for object of type 'float'
  rep=160 scen=B ERROR: Invalid format specifier '.2f if R_hat and R_hat < 1000 else 'large':>8' for object of type 'float'
  rep=156 scen=B ERROR: Invalid format specifier '.2f if R_hat and R_hat < 1000 else 'large':>8' for object of type 'float'
  rep=164 scen=B ERROR: Invalid format specifier '.2f if R_hat and R_hat < 1000 else 'large':>8' for object of type 'float'
  rep=136 scen=B ERROR: Invalid format specifier '.2f if R_hat and R_hat < 1000 else 'large':>8' for object of type 'float'
  rep=168 scen=B ERROR: Invalid format specifier '.2f if R_hat and R_hat < 1000 else 'large':>8' for object of type 'float'
  rep=176 scen=B ERROR: Invalid format specifier '.2f if R_hat and R_hat < 1000 else 'large':>8' for object of type 'float'
  rep=172 scen=B ERROR: Invalid format specifier '.2f if R_hat and R_hat < 1000 else 'large':>8' for object of type 'float'
  rep=180 scen=B ERROR: Invalid format specifier '.2f if R_hat and R_hat < 1000 else 'large':>8' for object of type 'float'
  rep=181 scen=B ERROR: Invalid format specifier '.2f if R_hat and R_hat < 1000 else 'large':>8' for object of type 'float'
  rep=189 scen=B ERROR: Invalid format specifier '.2f if R_hat and R_hat < 1000 else 'large':>8' for object of type 'float'
  rep=185 scen=B ERROR: Invalid format specifier '.2f if R_hat and R_hat < 1000 else 'large':>8' for object of type 'float'
  rep=193 scen=B ERROR: Invalid format specifier '.2f if R_hat and R_hat < 1000 else 'large':>8' for object of type 'float'
  rep=197 scen=B ERROR: Invalid format specifier '.2f if R_hat and R_hat < 1000 else 'large':>8' for object of type 'float'
  rep=190 scen=B ERROR: Invalid format specifier '.2f if R_hat and R_hat < 1000 else 'large':>8' for object of type 'float'
  rep=182 scen=B ERROR: Invalid format specifier '.2f if R_hat and R_hat < 1000 else 'large':>8' for object of type 'float'
  rep=186 scen=B ERROR: Invalid format specifier '.2f if R_hat and R_hat < 1000 else 'large':>8' for object of type 'float'
  rep=194 scen=B ERROR: Invalid format specifier '.2f if R_hat and R_hat < 1000 else 'large':>8' for object of type 'float'
  rep=198 scen=B ERROR: Invalid format specifier '.2f if R_hat and R_hat < 1000 else 'large':>8' for object of type 'float'
  rep=191 scen=B ERROR: Invalid format specifier '.2f if R_hat and R_hat < 1000 else 'large':>8' for object of type 'float'
  rep=183 scen=B ERROR: Invalid format specifier '.2f if R_hat and R_hat < 1000 else 'large':>8' for object of type 'float'
  rep=195 scen=B ERROR: Invalid format specifier '.2f if R_hat and R_hat < 1000 else 'large':>8' for object of type 'float'
  rep=199 scen=B ERROR: Invalid format specifier '.2f if R_hat and R_hat < 1000 else 'large':>8' for object of type 'float'
  rep=187 scen=B ERROR: Invalid format specifier '.2f if R_hat and R_hat < 1000 else 'large':>8' for object of type 'float'
  rep=192 scen=B ERROR: Invalid format specifier '.2f if R_hat and R_hat < 1000 else 'large':>8' for object of type 'float'
  rep=184 scen=B ERROR: Invalid format specifier '.2f if R_hat and R_hat < 1000 else 'large':>8' for object of type 'float'
  rep=196 scen=B ERROR: Invalid format specifier '.2f if R_hat and R_hat < 1000 else 'large':>8' for object of type 'float'
  rep=188 scen=B ERROR: Invalid format specifier '.2f if R_hat and R_hat < 1000 else 'large':>8' for object of type 'float'
  rep=200 scen=B ERROR: Invalid format specifier '.2f if R_hat and R_hat < 1000 else 'large':>8' for object of type 'float'

  Scenario B complete: 0/200 successful in 410.2 minutes

=================================================================
SCENARIO C: Balanced (60/40, T=90d)
  R=K_sh/K_ns=1.5, expected N~85, tests weak depth signal
  n_rep=200  n_cores=15
  True R = 1.50
=================================================================
  Starting fresh: 200 replications
  rep=53 scen=C ERROR: Invalid format specifier '.2f if R_hat and R_hat < 1000 else 'large':>8' for object of type 'float'
  rep=13 scen=C ERROR: Invalid format specifier '.2f if R_hat and R_hat < 1000 else 'large':>8' for object of type 'float'
  rep=21 scen=C ERROR: Invalid format specifier '.2f if R_hat and R_hat < 1000 else 'large':>8' for object of type 'float'
  rep=49 scen=C ERROR: Invalid format specifier '.2f if R_hat and R_hat < 1000 else 'large':>8' for object of type 'float'
  rep=29 scen=C ERROR: Invalid format specifier '.2f if R_hat and R_hat < 1000 else 'large':>8' for object of type 'float'
  rep=33 scen=C ERROR: Invalid format specifier '.2f if R_hat and R_hat < 1000 else 'large':>8' for object of type 'float'
  rep=45 scen=C ERROR: Invalid format specifier '.2f if R_hat and R_hat < 1000 else 'large':>8' for object of type 'float'
  rep=9 scen=C ERROR: Invalid format specifier '.2f if R_hat and R_hat < 1000 else 'large':>8' for object of type 'float'
  rep=17 scen=C ERROR: Invalid format specifier '.2f if R_hat and R_hat < 1000 else 'large':>8' for object of type 'float'
  rep=41 scen=C ERROR: Invalid format specifier '.2f if R_hat and R_hat < 1000 else 'large':>8' for object of type 'float'
  rep=5 scen=C ERROR: Invalid format specifier '.2f if R_hat and R_hat < 1000 else 'large':>8' for object of type 'float'
  rep=37 scen=C ERROR: Invalid format specifier '.2f if R_hat and R_hat < 1000 else 'large':>8' for object of type 'float'
  rep=57 scen=C ERROR: Invalid format specifier '.2f if R_hat and R_hat < 1000 else 'large':>8' for object of type 'float'
  rep=25 scen=C ERROR: Invalid format specifier '.2f if R_hat and R_hat < 1000 else 'large':>8' for object of type 'float'
  rep=1 scen=C ERROR: Invalid format specifier '.2f if R_hat and R_hat < 1000 else 'large':>8' for object of type 'float'
  rep=30 scen=C ERROR: Invalid format specifier '.2f if R_hat and R_hat < 1000 else 'large':>8' for object of type 'float'
  rep=14 scen=C ERROR: Invalid format specifier '.2f if R_hat and R_hat < 1000 else 'large':>8' for object of type 'float'
  rep=22 scen=C ERROR: Invalid format specifier '.2f if R_hat and R_hat < 1000 else 'large':>8' for object of type 'float'
  rep=54 scen=C ERROR: Invalid format specifier '.2f if R_hat and R_hat < 1000 else 'large':>8' for object of type 'float'
  rep=42 scen=C ERROR: Invalid format specifier '.2f if R_hat and R_hat < 1000 else 'large':>8' for object of type 'float'
  rep=50 scen=C ERROR: Invalid format specifier '.2f if R_hat and R_hat < 1000 else 'large':>8' for object of type 'float'
  rep=46 scen=C ERROR: Invalid format specifier '.2f if R_hat and R_hat < 1000 else 'large':>8' for object of type 'float'
  rep=34 scen=C ERROR: Invalid format specifier '.2f if R_hat and R_hat < 1000 else 'large':>8' for object of type 'float'
  rep=18 scen=C ERROR: Invalid format specifier '.2f if R_hat and R_hat < 1000 else 'large':>8' for object of type 'float'
  rep=10 scen=C ERROR: Invalid format specifier '.2f if R_hat and R_hat < 1000 else 'large':>8' for object of type 'float'
  rep=58 scen=C ERROR: Invalid format specifier '.2f if R_hat and R_hat < 1000 else 'large':>8' for object of type 'float'
  rep=38 scen=C ERROR: Invalid format specifier '.2f if R_hat and R_hat < 1000 else 'large':>8' for object of type 'float'
  rep=6 scen=C ERROR: Invalid format specifier '.2f if R_hat and R_hat < 1000 else 'large':>8' for object of type 'float'
  rep=26 scen=C ERROR: Invalid format specifier '.2f if R_hat and R_hat < 1000 else 'large':>8' for object of type 'float'
  rep=2 scen=C ERROR: Invalid format specifier '.2f if R_hat and R_hat < 1000 else 'large':>8' for object of type 'float'
  rep=15 scen=C ERROR: Invalid format specifier '.2f if R_hat and R_hat < 1000 else 'large':>8' for object of type 'float'
  rep=47 scen=C ERROR: Invalid format specifier '.2f if R_hat and R_hat < 1000 else 'large':>8' for object of type 'float'
  rep=31 scen=C ERROR: Invalid format specifier '.2f if R_hat and R_hat < 1000 else 'large':>8' for object of type 'float'
  rep=55 scen=C ERROR: Invalid format specifier '.2f if R_hat and R_hat < 1000 else 'large':>8' for object of type 'float'
  rep=43 scen=C ERROR: Invalid format specifier '.2f if R_hat and R_hat < 1000 else 'large':>8' for object of type 'float'
  rep=35 scen=C ERROR: Invalid format specifier '.2f if R_hat and R_hat < 1000 else 'large':>8' for object of type 'float'
  rep=23 scen=C ERROR: Invalid format specifier '.2f if R_hat and R_hat < 1000 else 'large':>8' for object of type 'float'
  rep=51 scen=C ERROR: Invalid format specifier '.2f if R_hat and R_hat < 1000 else 'large':>8' for object of type 'float'
  rep=19 scen=C ERROR: Invalid format specifier '.2f if R_hat and R_hat < 1000 else 'large':>8' for object of type 'float'
  rep=59 scen=C ERROR: Invalid format specifier '.2f if R_hat and R_hat < 1000 else 'large':>8' for object of type 'float'
  rep=27 scen=C ERROR: Invalid format specifier '.2f if R_hat and R_hat < 1000 else 'large':>8' for object of type 'float'
  rep=11 scen=C ERROR: Invalid format specifier '.2f if R_hat and R_hat < 1000 else 'large':>8' for object of type 'float'
  rep=39 scen=C ERROR: Invalid format specifier '.2f if R_hat and R_hat < 1000 else 'large':>8' for object of type 'float'
  rep=7 scen=C ERROR: Invalid format specifier '.2f if R_hat and R_hat < 1000 else 'large':>8' for object of type 'float'
  rep=3 scen=C ERROR: Invalid format specifier '.2f if R_hat and R_hat < 1000 else 'large':>8' for object of type 'float'
  rep=16 scen=C ERROR: Invalid format specifier '.2f if R_hat and R_hat < 1000 else 'large':>8' for object of type 'float'
  rep=44 scen=C ERROR: Invalid format specifier '.2f if R_hat and R_hat < 1000 else 'large':>8' for object of type 'float'
  rep=32 scen=C ERROR: Invalid format specifier '.2f if R_hat and R_hat < 1000 else 'large':>8' for object of type 'float'
  rep=52 scen=C ERROR: Invalid format specifier '.2f if R_hat and R_hat < 1000 else 'large':>8' for object of type 'float'
  rep=48 scen=C ERROR: Invalid format specifier '.2f if R_hat and R_hat < 1000 else 'large':>8' for object of type 'float'
  rep=24 scen=C ERROR: Invalid format specifier '.2f if R_hat and R_hat < 1000 else 'large':>8' for object of type 'float'
  rep=56 scen=C ERROR: Invalid format specifier '.2f if R_hat and R_hat < 1000 else 'large':>8' for object of type 'float'
  rep=36 scen=C ERROR: Invalid format specifier '.2f if R_hat and R_hat < 1000 else 'large':>8' for object of type 'float'
  rep=20 scen=C ERROR: Invalid format specifier '.2f if R_hat and R_hat < 1000 else 'large':>8' for object of type 'float'
  rep=60 scen=C ERROR: Invalid format specifier '.2f if R_hat and R_hat < 1000 else 'large':>8' for object of type 'float'
  rep=40 scen=C ERROR: Invalid format specifier '.2f if R_hat and R_hat < 1000 else 'large':>8' for object of type 'float'
  rep=12 scen=C ERROR: Invalid format specifier '.2f if R_hat and R_hat < 1000 else 'large':>8' for object of type 'float'
  rep=28 scen=C ERROR: Invalid format specifier '.2f if R_hat and R_hat < 1000 else 'large':>8' for object of type 'float'
  rep=8 scen=C ERROR: Invalid format specifier '.2f if R_hat and R_hat < 1000 else 'large':>8' for object of type 'float'
  rep=4 scen=C ERROR: Invalid format specifier '.2f if R_hat and R_hat < 1000 else 'large':>8' for object of type 'float'
  rep=61 scen=C ERROR: Invalid format specifier '.2f if R_hat and R_hat < 1000 else 'large':>8' for object of type 'float'
  rep=73 scen=C ERROR: Invalid format specifier '.2f if R_hat and R_hat < 1000 else 'large':>8' for object of type 'float'
  rep=69 scen=C ERROR: Invalid format specifier '.2f if R_hat and R_hat < 1000 else 'large':>8' for object of type 'float'
  rep=65 scen=C ERROR: Invalid format specifier '.2f if R_hat and R_hat < 1000 else 'large':>8' for object of type 'float'
  rep=93 scen=C ERROR: Invalid format specifier '.2f if R_hat and R_hat < 1000 else 'large':>8' for object of type 'float'
  rep=89 scen=C ERROR: Invalid format specifier '.2f if R_hat and R_hat < 1000 else 'large':>8' for object of type 'float'
  rep=81 scen=C ERROR: Invalid format specifier '.2f if R_hat and R_hat < 1000 else 'large':>8' for object of type 'float'
  rep=77 scen=C ERROR: Invalid format specifier '.2f if R_hat and R_hat < 1000 else 'large':>8' for object of type 'float'
  rep=85 scen=C ERROR: Invalid format specifier '.2f if R_hat and R_hat < 1000 else 'large':>8' for object of type 'float'
  rep=105 scen=C ERROR: Invalid format specifier '.2f if R_hat and R_hat < 1000 else 'large':>8' for object of type 'float'
  rep=101 scen=C ERROR: Invalid format specifier '.2f if R_hat and R_hat < 1000 else 'large':>8' for object of type 'float'
  rep=97 scen=C ERROR: Invalid format specifier '.2f if R_hat and R_hat < 1000 else 'large':>8' for object of type 'float'
  rep=113 scen=C ERROR: Invalid format specifier '.2f if R_hat and R_hat < 1000 else 'large':>8' for object of type 'float'
  rep=109 scen=C ERROR: Invalid format specifier '.2f if R_hat and R_hat < 1000 else 'large':>8' for object of type 'float'
  rep=117 scen=C ERROR: Invalid format specifier '.2f if R_hat and R_hat < 1000 else 'large':>8' for object of type 'float'
  rep=62 scen=C ERROR: Invalid format specifier '.2f if R_hat and R_hat < 1000 else 'large':>8' for object of type 'float'
  rep=94 scen=C ERROR: Invalid format specifier '.2f if R_hat and R_hat < 1000 else 'large':>8' for object of type 'float'
  rep=74 scen=C ERROR: Invalid format specifier '.2f if R_hat and R_hat < 1000 else 'large':>8' for object of type 'float'
  rep=70 scen=C ERROR: Invalid format specifier '.2f if R_hat and R_hat < 1000 else 'large':>8' for object of type 'float'
  rep=82 scen=C ERROR: Invalid format specifier '.2f if R_hat and R_hat < 1000 else 'large':>8' for object of type 'float'
  rep=90 scen=C ERROR: Invalid format specifier '.2f if R_hat and R_hat < 1000 else 'large':>8' for object of type 'float'
  rep=66 scen=C ERROR: Invalid format specifier '.2f if R_hat and R_hat < 1000 else 'large':>8' for object of type 'float'
  rep=86 scen=C ERROR: Invalid format specifier '.2f if R_hat and R_hat < 1000 else 'large':>8' for object of type 'float'
  rep=78 scen=C ERROR: Invalid format specifier '.2f if R_hat and R_hat < 1000 else 'large':>8' for object of type 'float'
  rep=102 scen=C ERROR: Invalid format specifier '.2f if R_hat and R_hat < 1000 else 'large':>8' for object of type 'float'
  rep=114 scen=C ERROR: Invalid format specifier '.2f if R_hat and R_hat < 1000 else 'large':>8' for object of type 'float'
  rep=106 scen=C ERROR: Invalid format specifier '.2f if R_hat and R_hat < 1000 else 'large':>8' for object of type 'float'
  rep=98 scen=C ERROR: Invalid format specifier '.2f if R_hat and R_hat < 1000 else 'large':>8' for object of type 'float'
  rep=110 scen=C ERROR: Invalid format specifier '.2f if R_hat and R_hat < 1000 else 'large':>8' for object of type 'float'
  rep=118 scen=C ERROR: Invalid format specifier '.2f if R_hat and R_hat < 1000 else 'large':>8' for object of type 'float'
  rep=63 scen=C ERROR: Invalid format specifier '.2f if R_hat and R_hat < 1000 else 'large':>8' for object of type 'float'
  rep=95 scen=C ERROR: Invalid format specifier '.2f if R_hat and R_hat < 1000 else 'large':>8' for object of type 'float'
  rep=71 scen=C ERROR: Invalid format specifier '.2f if R_hat and R_hat < 1000 else 'large':>8' for object of type 'float'
  rep=75 scen=C ERROR: Invalid format specifier '.2f if R_hat and R_hat < 1000 else 'large':>8' for object of type 'float'
  rep=91 scen=C ERROR: Invalid format specifier '.2f if R_hat and R_hat < 1000 else 'large':>8' for object of type 'float'
  rep=79 scen=C ERROR: Invalid format specifier '.2f if R_hat and R_hat < 1000 else 'large':>8' for object of type 'float'
  rep=83 scen=C ERROR: Invalid format specifier '.2f if R_hat and R_hat < 1000 else 'large':>8' for object of type 'float'
  rep=67 scen=C ERROR: Invalid format specifier '.2f if R_hat and R_hat < 1000 else 'large':>8' for object of type 'float'
  rep=87 scen=C ERROR: Invalid format specifier '.2f if R_hat and R_hat < 1000 else 'large':>8' for object of type 'float'
  rep=103 scen=C ERROR: Invalid format specifier '.2f if R_hat and R_hat < 1000 else 'large':>8' for object of type 'float'
  rep=107 scen=C ERROR: Invalid format specifier '.2f if R_hat and R_hat < 1000 else 'large':>8' for object of type 'float'
  rep=115 scen=C ERROR: Invalid format specifier '.2f if R_hat and R_hat < 1000 else 'large':>8' for object of type 'float'
  rep=99 scen=C ERROR: Invalid format specifier '.2f if R_hat and R_hat < 1000 else 'large':>8' for object of type 'float'
  rep=119 scen=C ERROR: Invalid format specifier '.2f if R_hat and R_hat < 1000 else 'large':>8' for object of type 'float'
  rep=111 scen=C ERROR: Invalid format specifier '.2f if R_hat and R_hat < 1000 else 'large':>8' for object of type 'float'
  rep=64 scen=C ERROR: Invalid format specifier '.2f if R_hat and R_hat < 1000 else 'large':>8' for object of type 'float'
  rep=96 scen=C ERROR: Invalid format specifier '.2f if R_hat and R_hat < 1000 else 'large':>8' for object of type 'float'
  rep=72 scen=C ERROR: Invalid format specifier '.2f if R_hat and R_hat < 1000 else 'large':>8' for object of type 'float'
  rep=80 scen=C ERROR: Invalid format specifier '.2f if R_hat and R_hat < 1000 else 'large':>8' for object of type 'float'
  rep=76 scen=C ERROR: Invalid format specifier '.2f if R_hat and R_hat < 1000 else 'large':>8' for object of type 'float'
  rep=84 scen=C ERROR: Invalid format specifier '.2f if R_hat and R_hat < 1000 else 'large':>8' for object of type 'float'
  rep=68 scen=C ERROR: Invalid format specifier '.2f if R_hat and R_hat < 1000 else 'large':>8' for object of type 'float'
  rep=88 scen=C ERROR: Invalid format specifier '.2f if R_hat and R_hat < 1000 else 'large':>8' for object of type 'float'
  rep=92 scen=C ERROR: Invalid format specifier '.2f if R_hat and R_hat < 1000 else 'large':>8' for object of type 'float'
  rep=108 scen=C ERROR: Invalid format specifier '.2f if R_hat and R_hat < 1000 else 'large':>8' for object of type 'float'
  rep=104 scen=C ERROR: Invalid format specifier '.2f if R_hat and R_hat < 1000 else 'large':>8' for object of type 'float'
  rep=116 scen=C ERROR: Invalid format specifier '.2f if R_hat and R_hat < 1000 else 'large':>8' for object of type 'float'
  rep=100 scen=C ERROR: Invalid format specifier '.2f if R_hat and R_hat < 1000 else 'large':>8' for object of type 'float'
  rep=120 scen=C ERROR: Invalid format specifier '.2f if R_hat and R_hat < 1000 else 'large':>8' for object of type 'float'
  rep=112 scen=C ERROR: Invalid format specifier '.2f if R_hat and R_hat < 1000 else 'large':>8' for object of type 'float'
  rep=121 scen=C ERROR: Invalid format specifier '.2f if R_hat and R_hat < 1000 else 'large':>8' for object of type 'float'
  rep=129 scen=C ERROR: Invalid format specifier '.2f if R_hat and R_hat < 1000 else 'large':>8' for object of type 'float'
  rep=141 scen=C ERROR: Invalid format specifier '.2f if R_hat and R_hat < 1000 else 'large':>8' for object of type 'float'
  rep=133 scen=C ERROR: Invalid format specifier '.2f if R_hat and R_hat < 1000 else 'large':>8' for object of type 'float'
  rep=145 scen=C ERROR: Invalid format specifier '.2f if R_hat and R_hat < 1000 else 'large':>8' for object of type 'float'
  rep=153 scen=C ERROR: Invalid format specifier '.2f if R_hat and R_hat < 1000 else 'large':>8' for object of type 'float'
  rep=157 scen=C ERROR: Invalid format specifier '.2f if R_hat and R_hat < 1000 else 'large':>8' for object of type 'float'
  rep=125 scen=C ERROR: Invalid format specifier '.2f if R_hat and R_hat < 1000 else 'large':>8' for object of type 'float'
  rep=137 scen=C ERROR: Invalid format specifier '.2f if R_hat and R_hat < 1000 else 'large':>8' for object of type 'float'
  rep=161 scen=C ERROR: Invalid format specifier '.2f if R_hat and R_hat < 1000 else 'large':>8' for object of type 'float'
  rep=149 scen=C ERROR: Invalid format specifier '.2f if R_hat and R_hat < 1000 else 'large':>8' for object of type 'float'
  rep=165 scen=C ERROR: Invalid format specifier '.2f if R_hat and R_hat < 1000 else 'large':>8' for object of type 'float'
  rep=169 scen=C ERROR: Invalid format specifier '.2f if R_hat and R_hat < 1000 else 'large':>8' for object of type 'float'
  rep=177 scen=C ERROR: Invalid format specifier '.2f if R_hat and R_hat < 1000 else 'large':>8' for object of type 'float'
  rep=173 scen=C ERROR: Invalid format specifier '.2f if R_hat and R_hat < 1000 else 'large':>8' for object of type 'float'
  rep=122 scen=C ERROR: Invalid format specifier '.2f if R_hat and R_hat < 1000 else 'large':>8' for object of type 'float'
  rep=130 scen=C ERROR: Invalid format specifier '.2f if R_hat and R_hat < 1000 else 'large':>8' for object of type 'float'
  rep=142 scen=C ERROR: Invalid format specifier '.2f if R_hat and R_hat < 1000 else 'large':>8' for object of type 'float'
  rep=126 scen=C ERROR: Invalid format specifier '.2f if R_hat and R_hat < 1000 else 'large':>8' for object of type 'float'
  rep=134 scen=C ERROR: Invalid format specifier '.2f if R_hat and R_hat < 1000 else 'large':>8' for object of type 'float'
  rep=138 scen=C ERROR: Invalid format specifier '.2f if R_hat and R_hat < 1000 else 'large':>8' for object of type 'float'
  rep=158 scen=C ERROR: Invalid format specifier '.2f if R_hat and R_hat < 1000 else 'large':>8' for object of type 'float'
  rep=150 scen=C ERROR: Invalid format specifier '.2f if R_hat and R_hat < 1000 else 'large':>8' for object of type 'float'
  rep=146 scen=C ERROR: Invalid format specifier '.2f if R_hat and R_hat < 1000 else 'large':>8' for object of type 'float'
  rep=154 scen=C ERROR: Invalid format specifier '.2f if R_hat and R_hat < 1000 else 'large':>8' for object of type 'float'
  rep=162 scen=C ERROR: Invalid format specifier '.2f if R_hat and R_hat < 1000 else 'large':>8' for object of type 'float'
  rep=166 scen=C ERROR: Invalid format specifier '.2f if R_hat and R_hat < 1000 else 'large':>8' for object of type 'float'
  rep=174 scen=C ERROR: Invalid format specifier '.2f if R_hat and R_hat < 1000 else 'large':>8' for object of type 'float'
  rep=170 scen=C ERROR: Invalid format specifier '.2f if R_hat and R_hat < 1000 else 'large':>8' for object of type 'float'
  rep=178 scen=C ERROR: Invalid format specifier '.2f if R_hat and R_hat < 1000 else 'large':>8' for object of type 'float'
  rep=123 scen=C ERROR: Invalid format specifier '.2f if R_hat and R_hat < 1000 else 'large':>8' for object of type 'float'
  rep=143 scen=C ERROR: Invalid format specifier '.2f if R_hat and R_hat < 1000 else 'large':>8' for object of type 'float'
  rep=131 scen=C ERROR: Invalid format specifier '.2f if R_hat and R_hat < 1000 else 'large':>8' for object of type 'float'
  rep=127 scen=C ERROR: Invalid format specifier '.2f if R_hat and R_hat < 1000 else 'large':>8' for object of type 'float'
  rep=139 scen=C ERROR: Invalid format specifier '.2f if R_hat and R_hat < 1000 else 'large':>8' for object of type 'float'
  rep=159 scen=C ERROR: Invalid format specifier '.2f if R_hat and R_hat < 1000 else 'large':>8' for object of type 'float'
  rep=135 scen=C ERROR: Invalid format specifier '.2f if R_hat and R_hat < 1000 else 'large':>8' for object of type 'float'
  rep=163 scen=C ERROR: Invalid format specifier '.2f if R_hat and R_hat < 1000 else 'large':>8' for object of type 'float'
  rep=151 scen=C ERROR: Invalid format specifier '.2f if R_hat and R_hat < 1000 else 'large':>8' for object of type 'float'
  rep=155 scen=C ERROR: Invalid format specifier '.2f if R_hat and R_hat < 1000 else 'large':>8' for object of type 'float'
  rep=147 scen=C ERROR: Invalid format specifier '.2f if R_hat and R_hat < 1000 else 'large':>8' for object of type 'float'
  rep=167 scen=C ERROR: Invalid format specifier '.2f if R_hat and R_hat < 1000 else 'large':>8' for object of type 'float'
  rep=175 scen=C ERROR: Invalid format specifier '.2f if R_hat and R_hat < 1000 else 'large':>8' for object of type 'float'
  rep=171 scen=C ERROR: Invalid format specifier '.2f if R_hat and R_hat < 1000 else 'large':>8' for object of type 'float'
  rep=179 scen=C ERROR: Invalid format specifier '.2f if R_hat and R_hat < 1000 else 'large':>8' for object of type 'float'
  rep=144 scen=C ERROR: Invalid format specifier '.2f if R_hat and R_hat < 1000 else 'large':>8' for object of type 'float'
  rep=132 scen=C ERROR: Invalid format specifier '.2f if R_hat and R_hat < 1000 else 'large':>8' for object of type 'float'
  rep=124 scen=C ERROR: Invalid format specifier '.2f if R_hat and R_hat < 1000 else 'large':>8' for object of type 'float'
  rep=164 scen=C ERROR: Invalid format specifier '.2f if R_hat and R_hat < 1000 else 'large':>8' for object of type 'float'
  rep=140 scen=C ERROR: Invalid format specifier '.2f if R_hat and R_hat < 1000 else 'large':>8' for object of type 'float'
  rep=160 scen=C ERROR: Invalid format specifier '.2f if R_hat and R_hat < 1000 else 'large':>8' for object of type 'float'
  rep=136 scen=C ERROR: Invalid format specifier '.2f if R_hat and R_hat < 1000 else 'large':>8' for object of type 'float'
  rep=128 scen=C ERROR: Invalid format specifier '.2f if R_hat and R_hat < 1000 else 'large':>8' for object of type 'float'
  rep=156 scen=C ERROR: Invalid format specifier '.2f if R_hat and R_hat < 1000 else 'large':>8' for object of type 'float'
  rep=168 scen=C ERROR: Invalid format specifier '.2f if R_hat and R_hat < 1000 else 'large':>8' for object of type 'float'
  rep=152 scen=C ERROR: Invalid format specifier '.2f if R_hat and R_hat < 1000 else 'large':>8' for object of type 'float'
  rep=148 scen=C ERROR: Invalid format specifier '.2f if R_hat and R_hat < 1000 else 'large':>8' for object of type 'float'
  rep=180 scen=C ERROR: Invalid format specifier '.2f if R_hat and R_hat < 1000 else 'large':>8' for object of type 'float'
  rep=176 scen=C ERROR: Invalid format specifier '.2f if R_hat and R_hat < 1000 else 'large':>8' for object of type 'float'
  rep=172 scen=C ERROR: Invalid format specifier '.2f if R_hat and R_hat < 1000 else 'large':>8' for object of type 'float'
  rep=189 scen=C ERROR: Invalid format specifier '.2f if R_hat and R_hat < 1000 else 'large':>8' for object of type 'float'
  rep=181 scen=C ERROR: Invalid format specifier '.2f if R_hat and R_hat < 1000 else 'large':>8' for object of type 'float'
  rep=185 scen=C ERROR: Invalid format specifier '.2f if R_hat and R_hat < 1000 else 'large':>8' for object of type 'float'
  rep=193 scen=C ERROR: Invalid format specifier '.2f if R_hat and R_hat < 1000 else 'large':>8' for object of type 'float'
  rep=197 scen=C ERROR: Invalid format specifier '.2f if R_hat and R_hat < 1000 else 'large':>8' for object of type 'float'
  rep=190 scen=C ERROR: Invalid format specifier '.2f if R_hat and R_hat < 1000 else 'large':>8' for object of type 'float'
  rep=182 scen=C ERROR: Invalid format specifier '.2f if R_hat and R_hat < 1000 else 'large':>8' for object of type 'float'
  rep=186 scen=C ERROR: Invalid format specifier '.2f if R_hat and R_hat < 1000 else 'large':>8' for object of type 'float'
  rep=194 scen=C ERROR: Invalid format specifier '.2f if R_hat and R_hat < 1000 else 'large':>8' for object of type 'float'
  rep=198 scen=C ERROR: Invalid format specifier '.2f if R_hat and R_hat < 1000 else 'large':>8' for object of type 'float'
  rep=191 scen=C ERROR: Invalid format specifier '.2f if R_hat and R_hat < 1000 else 'large':>8' for object of type 'float'
  rep=183 scen=C ERROR: Invalid format specifier '.2f if R_hat and R_hat < 1000 else 'large':>8' for object of type 'float'
  rep=187 scen=C ERROR: Invalid format specifier '.2f if R_hat and R_hat < 1000 else 'large':>8' for object of type 'float'
  rep=195 scen=C ERROR: Invalid format specifier '.2f if R_hat and R_hat < 1000 else 'large':>8' for object of type 'float'
  rep=199 scen=C ERROR: Invalid format specifier '.2f if R_hat and R_hat < 1000 else 'large':>8' for object of type 'float'
  rep=192 scen=C ERROR: Invalid format specifier '.2f if R_hat and R_hat < 1000 else 'large':>8' for object of type 'float'
  rep=184 scen=C ERROR: Invalid format specifier '.2f if R_hat and R_hat < 1000 else 'large':>8' for object of type 'float'
  rep=188 scen=C ERROR: Invalid format specifier '.2f if R_hat and R_hat < 1000 else 'large':>8' for object of type 'float'
  rep=196 scen=C ERROR: Invalid format specifier '.2f if R_hat and R_hat < 1000 else 'large':>8' for object of type 'float'
  rep=200 scen=C ERROR: Invalid format specifier '.2f if R_hat and R_hat < 1000 else 'large':>8' for object of type 'float'

  Scenario C complete: 0/200 successful in 280.2 minutes

=================================================================
ALL SCENARIOS COMPLETE
Total wall-clock time: 1149.0 minutes
=================================================================

Next step: python3 aggregate_mc_results.py
